<?xml version="1.0" encoding="UTF-8"?>
<!-- Generated by org.testng.reporters.JUnitReportReporter -->
<testsuite hostname="Rupam" failures="0" tests="1" name="com.trip.cost.Main" time="80.028" errors="0" timestamp="05 Nov 2020 06:14:16 GMT" skipped="0">
  <testcase classname="com.trip.cost.Main" name="controller" time="80.028"/>
</testsuite> <!-- com.trip.cost.Main -->
